<?xml version="1.0" encoding="UTF-8"?>
<!-- Generated by org.testng.reporters.JUnitReportReporter -->
<testsuite hostname="LAPTOP-3I1PVE3Q" failures="0" tests="1" name="rahuallshettyacademy.ExtentReports.ExtentReportDemo" time="7.989" errors="0" timestamp="2024-10-27T16:52:03 GMT-05:00" skipped="0">
  <testcase classname="rahuallshettyacademy.ExtentReports.ExtentReportDemo" name="initialDemo" time="7.989"/>
</testsuite> <!-- rahuallshettyacademy.ExtentReports.ExtentReportDemo -->
